app/build/intermediates/manifest_merge_blame_file/debug/manifest-merger-blame-debug-report.txt
1<?xml version="1.0" encoding="utf-8"?>
2<manifest xmlns:android="http://schemas.android.com/apk/res/android"
3    package="com.example.sipdemo"
4    android:versionCode="1"
5    android:versionName="1.0" >
6
7    <uses-sdk
8        android:minSdkVersion="19"
8-->src\main\AndroidManifest.xml
9        android:targetSdkVersion="30" />
9-->src\main\AndroidManifest.xml
10
11    <uses-permission android:name="android.permission.INTERNET" />
11-->src\main\AndroidManifest.xml:5:5-67
11-->src\main\AndroidManifest.xml:5:22-64
12    <uses-permission android:name="android.permission.USE_SIP" />
12-->src\main\AndroidManifest.xml:6:5-66
12-->src\main\AndroidManifest.xml:6:22-63
13    <uses-permission android:name="android.permission.CAMERA" />
13-->src\main\AndroidManifest.xml:7:5-65
13-->src\main\AndroidManifest.xml:7:22-62
14    <uses-permission android:name="android.permission.RECORD_AUDIO" />
14-->src\main\AndroidManifest.xml:8:5-71
14-->src\main\AndroidManifest.xml:8:22-68
15    <uses-permission android:name="android.permission.MODIFY_AUDIO_SETTINGS" />
15-->src\main\AndroidManifest.xml:9:5-80
15-->src\main\AndroidManifest.xml:9:22-77
16    <uses-permission android:name="android.permission.READ_PHONE_STATE" />
16-->src\main\AndroidManifest.xml:10:5-75
16-->src\main\AndroidManifest.xml:10:22-72
17    <uses-permission android:name="android.permission.ACCESS_WIFI_STATE" />
17-->src\main\AndroidManifest.xml:11:5-76
17-->src\main\AndroidManifest.xml:11:22-73
18    <uses-permission android:name="android.permission.ACCESS_NETWORK_STATE" />
18-->src\main\AndroidManifest.xml:12:5-79
18-->src\main\AndroidManifest.xml:12:22-76
19    <uses-permission android:name="android.permission.WAKE_LOCK" />
19-->src\main\AndroidManifest.xml:13:5-68
19-->src\main\AndroidManifest.xml:13:22-65
20    <uses-permission android:name="android.permission.VIBRATE" />
20-->src\main\AndroidManifest.xml:14:5-66
20-->src\main\AndroidManifest.xml:14:22-63
21
22    <application
22-->src\main\AndroidManifest.xml:16:5-37:19
23        android:name="com.example.sipdemo.App"
23-->src\main\AndroidManifest.xml:17:9-28
24        android:allowBackup="true"
24-->src\main\AndroidManifest.xml:18:9-35
25        android:appComponentFactory="androidx.core.app.CoreComponentFactory"
25-->[androidx.core:core:1.6.0] AndroidManifest.xml:24:18-86
26        android:debuggable="true"
27        android:icon="@mipmap/ic_launcher"
27-->src\main\AndroidManifest.xml:19:9-43
28        android:label="@string/app_name"
28-->src\main\AndroidManifest.xml:20:9-41
29        android:roundIcon="@mipmap/ic_launcher_round"
29-->src\main\AndroidManifest.xml:21:9-54
30        android:supportsRtl="true"
30-->src\main\AndroidManifest.xml:22:9-35
31        android:testOnly="true"
32        android:theme="@style/Theme.SIPDemo" >
32-->src\main\AndroidManifest.xml:23:9-45
33        <activity android:name="com.example.sipdemo.ui.call.CallActivity" />
33-->src\main\AndroidManifest.xml:24:9-58
33-->src\main\AndroidManifest.xml:24:19-55
34        <activity android:name="com.example.sipdemo.LoginActivityActivity" >
34-->src\main\AndroidManifest.xml:25:9-31:20
34-->src\main\AndroidManifest.xml:25:19-56
35            <intent-filter>
35-->src\main\AndroidManifest.xml:26:13-30:29
36                <action android:name="android.intent.action.MAIN" />
36-->src\main\AndroidManifest.xml:27:17-69
36-->src\main\AndroidManifest.xml:27:25-66
37
38                <category android:name="android.intent.category.LAUNCHER" />
38-->src\main\AndroidManifest.xml:29:17-77
38-->src\main\AndroidManifest.xml:29:27-74
39            </intent-filter>
40        </activity>
41        <activity
41-->src\main\AndroidManifest.xml:32:9-34:48
42            android:name="com.example.sipdemo.ui.MainActivity"
42-->src\main\AndroidManifest.xml:33:13-44
43            android:label="@string/app_name" />
43-->src\main\AndroidManifest.xml:34:13-45
44
45        <service
45-->src\main\AndroidManifest.xml:36:9-75
46            android:name="com.example.sipdemo.sip.SipService"
46-->src\main\AndroidManifest.xml:36:18-48
47            android:exported="false" />
47-->src\main\AndroidManifest.xml:36:49-73
48        <service
48-->[androidx.room:room-runtime:2.3.0] AndroidManifest.xml:25:9-28:40
49            android:name="androidx.room.MultiInstanceInvalidationService"
49-->[androidx.room:room-runtime:2.3.0] AndroidManifest.xml:26:13-74
50            android:directBootAware="true"
50-->[androidx.room:room-runtime:2.3.0] AndroidManifest.xml:27:13-43
51            android:exported="false" />
51-->[androidx.room:room-runtime:2.3.0] AndroidManifest.xml:28:13-37
52    </application>
53
54</manifest>